<?xml version="1.0" encoding="UTF-8"?>
<!-- Generated by org.testng.reporters.JUnitReportReporter -->
<testsuite skipped="0" hostname="classroom" name="TestNGEx.Ex1" tests="2" failures="0" timestamp="26 Jun 2017 04:29:26 GMT" time="0.008" errors="0">
  <testcase name="method4" time="0.007" classname="TestNGEx.Ex1"/>
  <testcase name="method3" time="0.001" classname="TestNGEx.Ex1"/>
</testsuite> <!-- TestNGEx.Ex1 -->
